Arguments: 
  C:\Program Files\nodejs\node.exe C:\Users\clien\AppData\Roaming\npm\node_modules\yarn\bin\yarn.js add express

PATH: 
  C:\Program Files\AdoptOpenJDK\jdk-11.0.11.9-hotspot\bin;C:\MinGW\bin;C:\Program Files (x86)\Common Files\Oracle\Java\javapath;C:\WINDOWS\system32;C:\WINDOWS;C:\WINDOWS\System32\Wbem;C:\WINDOWS\System32\WindowsPowerShell\v1.0\;C:\WINDOWS\System32\OpenSSH\;C:\ProgramData\chocolatey\bin;C:\Users\clien\AppData\Local\Pub\Cache\bin;C:\Program Files\Git\cmd;C:\Program Files\erl10.3\bin;C:\Program Files\PuTTY\;C:\Program Files\nodejs\;C:\Ruby27-x64\bin;C:\Users\clien\AppData\Local\Programs\Python\Python39\Scripts\;C:\Users\clien\AppData\Local\Programs\Python\Python39\;C:\Users\clien\AppData\Local\Microsoft\WindowsApps;C:\Users\clien\AppData\Local\Programs\Microsoft VS Code\bin;C:\MinGW\bin;C:\src\flutter\bin;C:\tools\dart-sdk\bin;C:\Users\clien\AppData\Roaming\Pub\Cache\bin;C:\Users\clien\AppData\Local\Pub\Cache\bin;C:\Program Files\heroku\bin;C:\Users\clien\AppData\Roaming\npm

Yarn version: 
  1.22.10

Node version: 
  16.13.1

Platform: 
  win32 x64

Trace: 
  Error: getaddrinfo ENOTFOUND registry.yarnpkg.com
      at GetAddrInfoReqWrap.onlookup [as oncomplete] (node:dns:71:26)

npm manifest: 
  {
    "name": "Restful",
    "version": "1.0.0",
    "main": "index.js",
    "repository": "https://github.com/daviteixeira-btm/Restful.git",
    "author": "Davi Teixeira <daviteixeira.btm@gmail.com>",
    "license": "MIT"
  }

yarn manifest: 
  No manifest

Lockfile: 
  No lockfile
